<?xml version="1.0" encoding="UTF-8"?>
<!-- Generated by org.testng.reporters.JUnitXMLReporter -->
<testsuite hostname="zchumager-lap" ignored="0" name="Command line test" tests="3" failures="0" timestamp="04 feb 2017 18:14:24 GMT" time="0.406" errors="0">
  <testcase name="testBufferedWriter" time="0.023" classname="net.me.test.testcases.TestCase"/>
  <testcase name="testFileInputStream" time="0.196" classname="net.me.test.testcases.TestCase"/>
  <testcase name="testFileWriter" time="0.126" classname="net.me.test.testcases.TestCase"/>
</testsuite> <!-- Command line test -->
