<?xml version="1.0" encoding="UTF-8"?>
<!-- Generated by org.testng.reporters.JUnitXMLReporter -->
<testsuite hostname="zchumager-lap" ignored="0" name="Default test" tests="4" failures="0" timestamp="06 feb 2017 03:47:57 GMT" time="0.356" errors="0">
  <testcase name="createFiles" time="0.012" classname="net.me.test.testcases.TestCase"/>
  <testcase name="testFileInputStream" time="0.206" classname="net.me.test.testcases.TestCase"/>
  <testcase name="testFileWriter" time="0.045" classname="net.me.test.testcases.TestCase"/>
  <testcase name="testBufferedWriter" time="0.023" classname="net.me.test.testcases.TestCase"/>
</testsuite> <!-- Default test -->
