<?xml version="1.0" encoding="UTF-8"?>
<testng-results skipped="0" failed="0" ignored="0" total="3" passed="3">
  <reporter-output>
  </reporter-output>
  <suite name="net.me.test.testcases.TestCase" duration-ms="406" started-at="2017-02-04T18:14:23Z" finished-at="2017-02-04T18:14:24Z">
    <groups>
    </groups>
    <test name="Command line test" duration-ms="406" started-at="2017-02-04T18:14:23Z" finished-at="2017-02-04T18:14:24Z">
      <class name="net.me.test.testcases.TestCase">
        <test-method status="PASS" signature="testBufferedWriter()[pri:0, instance:net.me.test.testcases.TestCase@4ec6a292]" name="testBufferedWriter" duration-ms="23" started-at="2017-02-04T13:14:23Z" finished-at="2017-02-04T13:14:23Z">
          <reporter-output>
          </reporter-output>
        </test-method> <!-- testBufferedWriter -->
        <test-method status="PASS" signature="testFileInputStream()[pri:0, instance:net.me.test.testcases.TestCase@4ec6a292]" name="testFileInputStream" duration-ms="196" started-at="2017-02-04T13:14:23Z" finished-at="2017-02-04T13:14:23Z">
          <reporter-output>
          </reporter-output>
        </test-method> <!-- testFileInputStream -->
        <test-method status="PASS" signature="testFileWriter()[pri:0, instance:net.me.test.testcases.TestCase@4ec6a292]" name="testFileWriter" duration-ms="126" started-at="2017-02-04T13:14:23Z" finished-at="2017-02-04T13:14:24Z">
          <reporter-output>
          </reporter-output>
        </test-method> <!-- testFileWriter -->
      </class> <!-- net.me.test.testcases.TestCase -->
    </test> <!-- Command line test -->
  </suite> <!-- net.me.test.testcases.TestCase -->
</testng-results>
